<?xml version="1.0" encoding="UTF-8"?>
<testsuite xmlns:xsi="http://www.w3.org/2001/XMLSchema-instance" xsi:noNamespaceSchemaLocation="https://maven.apache.org/surefire/maven-surefire-plugin/xsd/surefire-test-report-3.0.xsd" version="3.0" name="com.api.testing.tests.PostsIntegrationTest" time="6.821" tests="6" errors="0" skipped="0" failures="0">
  <properties>
[...]
</properties>
  <testcase name="testGetPostById_RealApi" classname="com.api.testing.tests.PostsIntegrationTest" time="3.201"/>
  <testcase name="testCreatePost_RealApi" classname="com.api.testing.tests.PostsIntegrationTest" time="0.705"/>
  <testcase name="testGetAllPosts_RealApi" classname="com.api.testing.tests.PostsIntegrationTest" time="0.964"/>
  <testcase name="testApiResponseTime_RealApi" classname="com.api.testing.tests.PostsIntegrationTest" time="0.565"/>
  <testcase name="testDeletePost_RealApi" classname="com.api.testing.tests.PostsIntegrationTest" time="0.68"/>
  <testcase name="testUpdatePost_RealApi" classname="com.api.testing.tests.PostsIntegrationTest" time="0.668"/>
</testsuite>